Sent FX rate update: GBP/AUD - 1.7997 at 2024-11-17T00:05:25.380Z
Sent FX rate update: EUR/GBP - 0.8533 at 2024-11-17T00:05:28.846Z
Sent FX rate update: AUD/JPY - 82.4100 at 2024-11-17T00:05:32.313Z
Sent FX rate update: EUR/USD - 0.9198 at 2024-11-17T00:05:35.781Z
Sent FX rate update: JPY/USD - 0.0091 at 2024-11-17T00:05:39.246Z
Sent FX rate update: GBP/AUD - 1.7913 at 2024-11-17T00:05:42.713Z
Sent FX rate update: GBP/AUD - 1.7965 at 2024-11-17T00:05:46.181Z
Sent FX rate update: GBP/AUD - 1.7948 at 2024-11-17T00:05:49.649Z
Sent FX rate update: EUR/USD - 0.9227 at 2024-11-17T00:05:53.115Z
Sent FX rate update: JPY/EUR - 0.0077 at 2024-11-17T00:05:56.582Z
Sent FX rate update: USD/JPY - 110.2000 at 2024-11-17T00:06:00.049Z
Sent FX rate update: AUD/EUR - 0.6274 at 2024-11-17T00:06:03.515Z
Sent FX rate update: JPY/EUR - 0.0077 at 2024-11-17T00:06:06.982Z
Sent FX rate update: EUR/JPY - 130.0317 at 2024-11-17T00:06:10.448Z
Sent FX rate update: EUR/AUD - 1.5190 at 2024-11-17T00:06:13.916Z
Sent FX rate update: GBP/JPY - 150.6928 at 2024-11-17T00:06:17.382Z
Sent FX rate update: GBP/EUR - 1.1736 at 2024-11-17T00:06:20.849Z
Sent FX rate update: AUD/USD - 0.7435 at 2024-11-17T00:06:24.319Z
Sent FX rate update: EUR/JPY - 129.2880 at 2024-11-17T00:06:27.783Z
Sent FX rate update: EUR/AUD - 1.6010 at 2024-11-17T00:06:31.250Z
Sent FX rate update: USD/JPY - 109.7034 at 2024-11-17T00:06:34.717Z
Sent FX rate update: EUR/AUD - 1.5978 at 2024-11-17T00:06:38.183Z
Sent FX rate update: GBP/JPY - 151.1125 at 2024-11-17T00:06:41.649Z
Sent FX rate update: GBP/JPY - 150.7117 at 2024-11-17T00:06:45.115Z
Sent FX rate update: GBP/USD - 1.3319 at 2024-11-17T00:06:48.582Z
Sent FX rate update: AUD/JPY - 82.5789 at 2024-11-17T00:06:52.049Z
Sent FX rate update: GBP/JPY - 151.1471 at 2024-11-17T00:06:55.516Z
Sent FX rate update: AUD/EUR - 0.5634 at 2024-11-17T00:06:58.982Z
Sent FX rate update: EUR/JPY - 129.3147 at 2024-11-17T00:07:02.450Z
Sent FX rate update: JPY/AUD - 0.0121 at 2024-11-17T00:07:05.916Z
Sent FX rate update: JPY/AUD - 0.0121 at 2024-11-17T00:07:09.388Z
Sent FX rate update: USD/EUR - 1.0822 at 2024-11-17T00:07:12.857Z
Sent FX rate update: GBP/USD - 1.3269 at 2024-11-17T00:07:16.323Z
Sent FX rate update: AUD/JPY - 82.6225 at 2024-11-17T00:07:19.790Z
Sent FX rate update: EUR/USD - 0.9218 at 2024-11-17T00:07:23.257Z
Sent FX rate update: EUR/USD - 0.9187 at 2024-11-17T00:07:26.724Z
Sent FX rate update: AUD/EUR - 0.6258 at 2024-11-17T00:07:30.192Z
Sent FX rate update: JPY/AUD - 0.0121 at 2024-11-17T00:07:33.658Z
Sent FX rate update: GBP/EUR - 1.1761 at 2024-11-17T00:07:37.125Z
Sent FX rate update: JPY/USD - 0.0091 at 2024-11-17T00:07:40.591Z
Sent FX rate update: EUR/GBP - 0.8461 at 2024-11-17T00:07:44.059Z
Sent FX rate update: USD/EUR - 1.0834 at 2024-11-17T00:07:47.527Z
Sent FX rate update: JPY/AUD - 0.0121 at 2024-11-17T00:07:50.994Z
Sent FX rate update: JPY/AUD - 0.0121 at 2024-11-17T00:07:54.460Z
Sent FX rate update: USD/GBP - 0.7524 at 2024-11-17T00:07:57.927Z
Sent FX rate update: USD/AUD - 1.3566 at 2024-11-17T00:08:01.394Z
Sent FX rate update: EUR/JPY - 129.2816 at 2024-11-17T00:08:04.861Z
Sent FX rate update: AUD/USD - 0.7419 at 2024-11-17T00:08:08.328Z
Sent FX rate update: AUD/USD - 0.7436 at 2024-11-17T00:08:11.795Z
Sent FX rate update: USD/JPY - 110.0418 at 2024-11-17T00:08:15.262Z
Sent FX rate update: USD/EUR - 1.0859 at 2024-11-17T00:08:18.729Z
Sent FX rate update: GBP/AUD - 1.8088 at 2024-11-17T00:08:22.195Z
Sent FX rate update: USD/EUR - 1.0842 at 2024-11-17T00:08:25.663Z
Sent FX rate update: AUD/JPY - 82.5073 at 2024-11-17T00:08:29.130Z
Sent FX rate update: GBP/JPY - 150.6253 at 2024-11-17T00:08:32.597Z
Sent FX rate update: JPY/EUR - 0.0077 at 2024-11-17T00:08:36.063Z
Sent FX rate update: USD/EUR - 1.0903 at 2024-11-17T00:08:39.532Z
Sent FX rate update: JPY/EUR - 0.0077 at 2024-11-17T00:08:42.997Z
Sent FX rate update: AUD/USD - 0.7443 at 2024-11-17T00:08:46.464Z
Sent FX rate update: JPY/EUR - 0.0073 at 2024-11-17T00:08:49.932Z
Sent FX rate update: GBP/EUR - 1.1807 at 2024-11-17T00:08:53.399Z
Sent FX rate update: JPY/USD - 0.0091 at 2024-11-17T00:08:56.866Z
Sent FX rate update: JPY/GBP - 0.0070 at 2024-11-17T00:09:00.332Z
Sent FX rate update: USD/EUR - 1.0859 at 2024-11-17T00:09:03.799Z
Sent FX rate update: GBP/USD - 1.3328 at 2024-11-17T00:09:07.267Z
Sent FX rate update: AUD/USD - 0.7420 at 2024-11-17T00:09:10.734Z
Sent FX rate update: EUR/AUD - 1.5977 at 2024-11-17T00:09:14.201Z
Sent FX rate update: USD/GBP - 0.7510 at 2024-11-17T00:09:17.667Z
Sent FX rate update: JPY/GBP - 0.0066 at 2024-11-17T00:09:21.134Z
Sent FX rate update: AUD/JPY - 82.8655 at 2024-11-17T00:09:24.601Z
Sent FX rate update: EUR/GBP - 0.8542 at 2024-11-17T00:09:28.068Z
Sent FX rate update: AUD/USD - 0.7406 at 2024-11-17T00:09:31.534Z
Sent FX rate update: JPY/USD - 0.0091 at 2024-11-17T00:09:35.001Z
Sent FX rate update: USD/JPY - 110.0270 at 2024-11-17T00:09:38.466Z
Sent FX rate update: JPY/USD - 0.0091 at 2024-11-17T00:09:41.933Z
Sent FX rate update: USD/GBP - 0.7493 at 2024-11-17T00:09:45.400Z
Sent FX rate update: USD/JPY - 109.8153 at 2024-11-17T00:09:48.868Z
Sent FX rate update: EUR/AUD - 1.6027 at 2024-11-17T00:09:52.334Z
Sent FX rate update: JPY/GBP - 0.0066 at 2024-11-17T00:09:55.802Z
Sent FX rate update: AUD/JPY - 82.6281 at 2024-11-17T00:09:59.268Z
Sent FX rate update: EUR/AUD - 1.5922 at 2024-11-17T00:10:02.735Z
Sent FX rate update: JPY/EUR - 0.0077 at 2024-11-17T00:10:06.203Z
Sent FX rate update: USD/JPY - 109.8185 at 2024-11-17T00:10:09.669Z
Sent FX rate update: USD/JPY - 109.7495 at 2024-11-17T00:10:13.136Z
Sent FX rate update: AUD/USD - 0.7422 at 2024-11-17T00:10:16.602Z
Sent FX rate update: JPY/EUR - 0.0077 at 2024-11-17T00:10:20.068Z
Sent FX rate update: GBP/AUD - 1.7985 at 2024-11-17T00:10:23.533Z
Sent FX rate update: GBP/USD - 1.3287 at 2024-11-17T00:10:27.000Z
Sent FX rate update: GBP/USD - 1.3300 at 2024-11-17T00:10:30.467Z
Sent FX rate update: USD/AUD - 1.3532 at 2024-11-17T00:10:33.934Z
Sent FX rate update: EUR/GBP - 0.8535 at 2024-11-17T00:10:37.401Z
Sent FX rate update: JPY/USD - 0.0091 at 2024-11-17T00:10:40.869Z
Sent FX rate update: EUR/USD - 0.9245 at 2024-11-17T00:10:44.334Z
Sent FX rate update: JPY/USD - 0.0091 at 2024-11-17T00:10:47.801Z
Sent FX rate update: EUR/USD - 0.9231 at 2024-11-17T00:10:51.268Z
Sent FX rate update: GBP/JPY - 149.9122 at 2024-11-17T00:10:54.734Z
Sent FX rate update: EUR/JPY - 129.3525 at 2024-11-17T00:10:58.201Z
Sent FX rate update: JPY/GBP - 0.0066 at 2024-11-17T00:11:01.670Z
Sent FX rate update: AUD/JPY - 82.0908 at 2024-11-17T00:11:05.137Z
Sent FX rate update: AUD/USD - 0.7406 at 2024-11-17T00:11:08.604Z
Sent FX rate update: JPY/USD - 0.0091 at 2024-11-17T00:11:12.072Z
Sent FX rate update: AUD/GBP - 0.5537 at 2024-11-17T00:11:15.539Z
Sent FX rate update: GBP/USD - 1.3351 at 2024-11-17T00:11:19.006Z
Sent FX rate update: GBP/EUR - 1.1794 at 2024-11-17T00:11:22.473Z
Sent FX rate update: USD/EUR - 1.0861 at 2024-11-17T00:11:25.939Z
Sent FX rate update: AUD/JPY - 82.3814 at 2024-11-17T00:11:29.406Z
Sent FX rate update: EUR/JPY - 128.8989 at 2024-11-17T00:11:32.873Z
Sent FX rate update: GBP/JPY - 151.0470 at 2024-11-17T00:11:36.340Z
Sent FX rate update: EUR/AUD - 1.5938 at 2024-11-17T00:11:39.807Z
Sent FX rate update: JPY/GBP - 0.0066 at 2024-11-17T00:11:43.274Z
Sent FX rate update: AUD/JPY - 82.3830 at 2024-11-17T00:11:46.741Z
Sent FX rate update: USD/GBP - 0.7464 at 2024-11-17T00:11:50.210Z
Sent FX rate update: GBP/JPY - 150.6508 at 2024-11-17T00:11:53.674Z
Sent FX rate update: AUD/USD - 0.7442 at 2024-11-17T00:11:57.143Z
Sent FX rate update: JPY/AUD - 0.0121 at 2024-11-17T00:12:00.611Z
Sent FX rate update: EUR/AUD - 1.6040 at 2024-11-17T00:12:04.074Z
Sent FX rate update: GBP/EUR - 1.1728 at 2024-11-17T00:12:07.541Z
Sent FX rate update: AUD/JPY - 82.5863 at 2024-11-17T00:12:11.007Z
Sent FX rate update: USD/EUR - 1.0864 at 2024-11-17T00:12:14.475Z
Sent FX rate update: USD/EUR - 1.0843 at 2024-11-17T00:12:17.941Z
Sent FX rate update: AUD/USD - 0.7377 at 2024-11-17T00:12:21.409Z
Sent FX rate update: GBP/USD - 1.3341 at 2024-11-17T00:12:24.876Z
Sent FX rate update: JPY/USD - 0.0091 at 2024-11-17T00:12:28.342Z
Sent FX rate update: AUD/USD - 0.7429 at 2024-11-17T00:12:31.808Z
Sent FX rate update: GBP/JPY - 149.7505 at 2024-11-17T00:12:35.275Z
Sent FX rate update: GBP/JPY - 150.4552 at 2024-11-17T00:12:38.742Z
Sent FX rate update: USD/AUD - 1.3443 at 2024-11-17T00:12:42.209Z
Sent FX rate update: USD/AUD - 1.3504 at 2024-11-17T00:12:45.676Z
Sent FX rate update: JPY/EUR - 0.0077 at 2024-11-17T00:12:49.142Z
Sent FX rate update: EUR/AUD - 1.5976 at 2024-11-17T00:12:52.609Z
Sent FX rate update: EUR/GBP - 0.8460 at 2024-11-17T00:12:56.078Z
Sent FX rate update: EUR/JPY - 129.3418 at 2024-11-17T00:12:59.545Z
Sent FX rate update: JPY/GBP - 0.0066 at 2024-11-17T00:13:03.011Z
Sent FX rate update: EUR/USD - 0.9176 at 2024-11-17T00:13:06.478Z
Sent FX rate update: USD/EUR - 1.0820 at 2024-11-17T00:13:09.945Z
Sent FX rate update: JPY/AUD - 0.0121 at 2024-11-17T00:13:13.411Z
Sent FX rate update: AUD/JPY - 88.3248 at 2024-11-17T00:13:16.878Z
Sent FX rate update: JPY/USD - 0.0091 at 2024-11-17T00:13:20.347Z
Sent FX rate update: AUD/JPY - 82.5140 at 2024-11-17T00:13:23.813Z
Sent FX rate update: USD/GBP - 0.7471 at 2024-11-17T00:13:27.281Z
Sent FX rate update: USD/JPY - 109.9237 at 2024-11-17T00:13:30.749Z
Sent FX rate update: USD/EUR - 1.0804 at 2024-11-17T00:13:34.215Z
Sent FX rate update: JPY/USD - 0.0091 at 2024-11-17T00:13:37.682Z
Sent FX rate update: GBP/JPY - 150.1736 at 2024-11-17T00:13:41.151Z
Sent FX rate update: GBP/JPY - 150.1752 at 2024-11-17T00:13:44.615Z
Sent FX rate update: EUR/JPY - 129.6995 at 2024-11-17T00:13:48.083Z
Sent FX rate update: USD/JPY - 110.0530 at 2024-11-17T00:13:51.549Z
Sent FX rate update: USD/JPY - 110.2227 at 2024-11-17T00:13:55.017Z
Sent FX rate update: JPY/GBP - 0.0066 at 2024-11-17T00:13:58.483Z
Sent FX rate update: JPY/GBP - 0.0066 at 2024-11-17T00:14:01.952Z
Sent FX rate update: JPY/GBP - 0.0066 at 2024-11-17T00:14:05.417Z
Sent FX rate update: JPY/EUR - 0.0077 at 2024-11-17T00:14:08.883Z
Sent FX rate update: AUD/USD - 0.7385 at 2024-11-17T00:14:12.351Z
Sent FX rate update: AUD/EUR - 0.6279 at 2024-11-17T00:14:15.818Z
Sent FX rate update: AUD/JPY - 76.1357 at 2024-11-17T00:14:19.283Z
Sent FX rate update: USD/JPY - 110.5968 at 2024-11-17T00:14:22.751Z
Sent FX rate update: GBP/USD - 1.3361 at 2024-11-17T00:14:26.217Z
Sent FX rate update: AUD/JPY - 82.7776 at 2024-11-17T00:14:29.684Z
Sent FX rate update: USD/EUR - 1.0833 at 2024-11-17T00:14:33.151Z
Sent FX rate update: USD/EUR - 1.0892 at 2024-11-17T00:14:36.618Z
Sent FX rate update: AUD/EUR - 0.6242 at 2024-11-17T00:14:40.086Z
Sent FX rate update: USD/AUD - 1.3508 at 2024-11-17T00:14:43.553Z
Sent FX rate update: JPY/AUD - 0.0121 at 2024-11-17T00:14:47.020Z
Sent FX rate update: EUR/GBP - 0.8519 at 2024-11-17T00:14:50.487Z
Sent FX rate update: USD/EUR - 1.0839 at 2024-11-17T00:14:53.954Z
Sent FX rate update: EUR/USD - 0.8740 at 2024-11-17T00:14:57.421Z
Sent FX rate update: GBP/JPY - 149.8099 at 2024-11-17T00:15:00.888Z
Sent FX rate update: USD/AUD - 1.4264 at 2024-11-17T00:15:04.355Z
Sent FX rate update: JPY/GBP - 0.0066 at 2024-11-17T00:15:07.821Z
Sent FX rate update: JPY/EUR - 0.0077 at 2024-11-17T00:15:11.288Z
Sent FX rate update: AUD/EUR - 0.6271 at 2024-11-17T00:15:14.754Z
Sent FX rate update: AUD/JPY - 82.5953 at 2024-11-17T00:15:18.221Z
Sent FX rate update: JPY/AUD - 0.0121 at 2024-11-17T00:15:21.689Z
Sent FX rate update: USD/AUD - 1.3490 at 2024-11-17T00:15:25.158Z
Sent FX rate update: GBP/JPY - 150.0575 at 2024-11-17T00:15:28.622Z
Sent FX rate update: EUR/USD - 0.9202 at 2024-11-17T00:15:32.089Z
Sent FX rate update: GBP/EUR - 1.1729 at 2024-11-17T00:15:35.556Z
Sent FX rate update: EUR/AUD - 1.6034 at 2024-11-17T00:15:39.023Z
Sent FX rate update: JPY/EUR - 0.0077 at 2024-11-17T00:15:42.490Z
Sent FX rate update: GBP/EUR - 1.1752 at 2024-11-17T00:15:45.958Z
Sent FX rate update: USD/AUD - 1.3505 at 2024-11-17T00:15:49.425Z
Sent FX rate update: JPY/USD - 0.0091 at 2024-11-17T00:15:52.893Z
Sent FX rate update: JPY/EUR - 0.0077 at 2024-11-17T00:15:56.359Z
Sent FX rate update: GBP/JPY - 150.5315 at 2024-11-17T00:15:59.826Z
Sent FX rate update: USD/EUR - 1.0826 at 2024-11-17T00:16:03.292Z
Sent FX rate update: JPY/GBP - 0.0066 at 2024-11-17T00:16:06.760Z
Sent FX rate update: JPY/USD - 0.0091 at 2024-11-17T00:16:10.227Z
Sent FX rate update: JPY/EUR - 0.0077 at 2024-11-17T00:16:13.694Z
Sent FX rate update: EUR/AUD - 1.6067 at 2024-11-17T00:16:17.160Z
Sent FX rate update: GBP/JPY - 150.1550 at 2024-11-17T00:16:20.629Z
Sent FX rate update: EUR/GBP - 0.8472 at 2024-11-17T00:16:24.097Z
Sent FX rate update: AUD/USD - 0.7384 at 2024-11-17T00:16:27.564Z
Sent FX rate update: JPY/USD - 0.0091 at 2024-11-17T00:16:31.030Z
Sent FX rate update: GBP/USD - 1.3376 at 2024-11-17T00:16:34.497Z
Sent FX rate update: USD/AUD - 1.3482 at 2024-11-17T00:16:37.963Z
Sent FX rate update: JPY/EUR - 0.0077 at 2024-11-17T00:16:41.433Z
Sent FX rate update: GBP/EUR - 1.2780 at 2024-11-17T00:16:44.898Z
Sent FX rate update: JPY/GBP - 0.0066 at 2024-11-17T00:16:48.365Z
Sent FX rate update: JPY/USD - 0.0091 at 2024-11-17T00:16:51.832Z
Sent FX rate update: EUR/AUD - 1.7172 at 2024-11-17T00:16:55.306Z
Sent FX rate update: USD/EUR - 1.0851 at 2024-11-17T00:16:58.773Z
Sent FX rate update: EUR/USD - 0.9261 at 2024-11-17T00:17:02.247Z
Sent FX rate update: JPY/GBP - 0.0066 at 2024-11-17T00:17:05.709Z
Sent FX rate update: USD/AUD - 1.3434 at 2024-11-17T00:17:09.176Z
Sent FX rate update: GBP/EUR - 1.1821 at 2024-11-17T00:17:12.642Z
Sent FX rate update: EUR/GBP - 0.8527 at 2024-11-17T00:17:16.110Z
Sent FX rate update: GBP/EUR - 1.1813 at 2024-11-17T00:17:19.576Z
Sent FX rate update: EUR/GBP - 0.8465 at 2024-11-17T00:17:23.044Z
Sent FX rate update: GBP/EUR - 1.1779 at 2024-11-17T00:17:26.511Z
Sent FX rate update: GBP/JPY - 149.8136 at 2024-11-17T00:17:29.977Z
Sent FX rate update: JPY/GBP - 0.0066 at 2024-11-17T00:17:33.443Z
Sent FX rate update: GBP/EUR - 1.1785 at 2024-11-17T00:17:36.912Z
Sent FX rate update: GBP/USD - 1.3307 at 2024-11-17T00:17:40.380Z
Sent FX rate update: GBP/AUD - 1.7937 at 2024-11-17T00:17:43.847Z
Sent FX rate update: GBP/AUD - 1.7966 at 2024-11-17T00:17:47.313Z
Sent FX rate update: JPY/GBP - 0.0066 at 2024-11-17T00:17:50.780Z
Sent FX rate update: EUR/USD - 0.9193 at 2024-11-17T00:17:54.247Z
Sent FX rate update: EUR/GBP - 0.8518 at 2024-11-17T00:17:57.714Z
Sent FX rate update: EUR/USD - 0.9238 at 2024-11-17T00:18:01.182Z
Sent FX rate update: JPY/GBP - 0.0066 at 2024-11-17T00:18:04.649Z
Sent FX rate update: USD/JPY - 109.8776 at 2024-11-17T00:18:08.115Z
Sent FX rate update: GBP/AUD - 1.8039 at 2024-11-17T00:18:11.583Z
Sent FX rate update: AUD/USD - 0.7422 at 2024-11-17T00:18:15.050Z
Sent FX rate update: EUR/AUD - 1.5930 at 2024-11-17T00:18:18.520Z
Sent FX rate update: EUR/USD - 0.9246 at 2024-11-17T00:18:21.983Z
Sent FX rate update: USD/EUR - 1.0802 at 2024-11-17T00:18:25.450Z
Sent FX rate update: GBP/AUD - 1.7947 at 2024-11-17T00:18:28.917Z
